<?xml version="1.0" encoding="UTF-8"?>
<testsuite xmlns:xsi="http://www.w3.org/2001/XMLSchema-instance" xsi:noNamespaceSchemaLocation="https://maven.apache.org/surefire/maven-surefire-plugin/xsd/surefire-test-report.xsd" name="com.heima.minio.test.MinIOTest" time="7.338" tests="1" errors="0" skipped="0" failures="0">
  <properties>
    <property name="sun.desktop" value="windows"/>
    <property name="awt.toolkit" value="sun.awt.windows.WToolkit"/>
    <property name="file.encoding.pkg" value="sun.io"/>
    <property name="java.specification.version" value="1.8"/>
    <property name="sun.cpu.isalist" value="amd64"/>
    <property name="sun.jnu.encoding" value="GBK"/>
    <property name="java.class.path" value="D:\360MoveData\Users\Administrator\Desktop\itheima-tutorial\Project\heima-leadnews\heima-leadnews\heima-leadnews-test\minio-demo\target\test-classes;D:\360MoveData\Users\Administrator\Desktop\itheima-tutorial\Project\heima-leadnews\heima-leadnews\heima-leadnews-test\minio-demo\target\classes;D:\360MoveData\Users\Administrator\Desktop\itheima-tutorial\Project\heima-leadnews\respository_leadnews\io\minio\minio\7.1.0\minio-7.1.0.jar;D:\360MoveData\Users\Administrator\Desktop\itheima-tutorial\Project\heima-leadnews\respository_leadnews\com\carrotsearch\thirdparty\simple-xml-safe\2.7.1\simple-xml-safe-2.7.1.jar;D:\360MoveData\Users\Administrator\Desktop\itheima-tutorial\Project\heima-leadnews\respository_leadnews\com\google\guava\guava\29.0-jre\guava-29.0-jre.jar;D:\360MoveData\Users\Administrator\Desktop\itheima-tutorial\Project\heima-leadnews\respository_leadnews\com\google\guava\failureaccess\1.0.1\failureaccess-1.0.1.jar;D:\360MoveData\Users\Administrator\Desktop\itheima-tutorial\Project\heima-leadnews\respository_leadnews\com\google\guava\listenablefuture\9999.0-empty-to-avoid-conflict-with-guava\listenablefuture-9999.0-empty-to-avoid-conflict-with-guava.jar;D:\360MoveData\Users\Administrator\Desktop\itheima-tutorial\Project\heima-leadnews\respository_leadnews\org\checkerframework\checker-qual\2.11.1\checker-qual-2.11.1.jar;D:\360MoveData\Users\Administrator\Desktop\itheima-tutorial\Project\heima-leadnews\respository_leadnews\com\google\errorprone\error_prone_annotations\2.3.4\error_prone_annotations-2.3.4.jar;D:\360MoveData\Users\Administrator\Desktop\itheima-tutorial\Project\heima-leadnews\respository_leadnews\com\google\j2objc\j2objc-annotations\1.3\j2objc-annotations-1.3.jar;D:\360MoveData\Users\Administrator\Desktop\itheima-tutorial\Project\heima-leadnews\respository_leadnews\com\squareup\okhttp3\okhttp\3.14.9\okhttp-3.14.9.jar;D:\360MoveData\Users\Administrator\Desktop\itheima-tutorial\Project\heima-leadnews\respository_leadnews\com\squareup\okio\okio\1.17.2\okio-1.17.2.jar;D:\360MoveData\Users\Administrator\Desktop\itheima-tutorial\Project\heima-leadnews\respository_leadnews\com\fasterxml\jackson\core\jackson-annotations\2.11.4\jackson-annotations-2.11.4.jar;D:\360MoveData\Users\Administrator\Desktop\itheima-tutorial\Project\heima-leadnews\respository_leadnews\com\fasterxml\jackson\core\jackson-core\2.11.4\jackson-core-2.11.4.jar;D:\360MoveData\Users\Administrator\Desktop\itheima-tutorial\Project\heima-leadnews\respository_leadnews\com\fasterxml\jackson\core\jackson-databind\2.11.4\jackson-databind-2.11.4.jar;D:\360MoveData\Users\Administrator\Desktop\itheima-tutorial\Project\heima-leadnews\respository_leadnews\com\github\spotbugs\spotbugs-annotations\4.0.0\spotbugs-annotations-4.0.0.jar;D:\360MoveData\Users\Administrator\Desktop\itheima-tutorial\Project\heima-leadnews\respository_leadnews\net\jcip\jcip-annotations\1.0\jcip-annotations-1.0.jar;D:\360MoveData\Users\Administrator\Desktop\itheima-tutorial\Project\heima-leadnews\respository_leadnews\com\google\code\findbugs\jsr305\3.0.2\jsr305-3.0.2.jar;D:\360MoveData\Users\Administrator\Desktop\itheima-tutorial\Project\heima-leadnews\respository_leadnews\org\springframework\boot\spring-boot-starter-web\2.3.9.RELEASE\spring-boot-starter-web-2.3.9.RELEASE.jar;D:\360MoveData\Users\Administrator\Desktop\itheima-tutorial\Project\heima-leadnews\respository_leadnews\org\springframework\boot\spring-boot-starter\2.3.9.RELEASE\spring-boot-starter-2.3.9.RELEASE.jar;D:\360MoveData\Users\Administrator\Desktop\itheima-tutorial\Project\heima-leadnews\respository_leadnews\org\springframework\boot\spring-boot\2.3.9.RELEASE\spring-boot-2.3.9.RELEASE.jar;D:\360MoveData\Users\Administrator\Desktop\itheima-tutorial\Project\heima-leadnews\respository_leadnews\jakarta\annotation\jakarta.annotation-api\1.3.5\jakarta.annotation-api-1.3.5.jar;D:\360MoveData\Users\Administrator\Desktop\itheima-tutorial\Project\heima-leadnews\respository_leadnews\org\yaml\snakeyaml\1.26\snakeyaml-1.26.jar;D:\360MoveData\Users\Administrator\Desktop\itheima-tutorial\Project\heima-leadnews\respository_leadnews\org\springframework\boot\spring-boot-starter-json\2.3.9.RELEASE\spring-boot-starter-json-2.3.9.RELEASE.jar;D:\360MoveData\Users\Administrator\Desktop\itheima-tutorial\Project\heima-leadnews\respository_leadnews\com\fasterxml\jackson\datatype\jackson-datatype-jdk8\2.11.4\jackson-datatype-jdk8-2.11.4.jar;D:\360MoveData\Users\Administrator\Desktop\itheima-tutorial\Project\heima-leadnews\respository_leadnews\com\fasterxml\jackson\datatype\jackson-datatype-jsr310\2.11.4\jackson-datatype-jsr310-2.11.4.jar;D:\360MoveData\Users\Administrator\Desktop\itheima-tutorial\Project\heima-leadnews\respository_leadnews\com\fasterxml\jackson\module\jackson-module-parameter-names\2.11.4\jackson-module-parameter-names-2.11.4.jar;D:\360MoveData\Users\Administrator\Desktop\itheima-tutorial\Project\heima-leadnews\respository_leadnews\org\springframework\boot\spring-boot-starter-tomcat\2.3.9.RELEASE\spring-boot-starter-tomcat-2.3.9.RELEASE.jar;D:\360MoveData\Users\Administrator\Desktop\itheima-tutorial\Project\heima-leadnews\respository_leadnews\org\apache\tomcat\embed\tomcat-embed-core\9.0.43\tomcat-embed-core-9.0.43.jar;D:\360MoveData\Users\Administrator\Desktop\itheima-tutorial\Project\heima-leadnews\respository_leadnews\org\glassfish\jakarta.el\3.0.3\jakarta.el-3.0.3.jar;D:\360MoveData\Users\Administrator\Desktop\itheima-tutorial\Project\heima-leadnews\respository_leadnews\org\apache\tomcat\embed\tomcat-embed-websocket\9.0.43\tomcat-embed-websocket-9.0.43.jar;D:\360MoveData\Users\Administrator\Desktop\itheima-tutorial\Project\heima-leadnews\respository_leadnews\org\springframework\spring-web\5.2.13.RELEASE\spring-web-5.2.13.RELEASE.jar;D:\360MoveData\Users\Administrator\Desktop\itheima-tutorial\Project\heima-leadnews\respository_leadnews\org\springframework\spring-beans\5.2.13.RELEASE\spring-beans-5.2.13.RELEASE.jar;D:\360MoveData\Users\Administrator\Desktop\itheima-tutorial\Project\heima-leadnews\respository_leadnews\org\springframework\spring-webmvc\5.2.13.RELEASE\spring-webmvc-5.2.13.RELEASE.jar;D:\360MoveData\Users\Administrator\Desktop\itheima-tutorial\Project\heima-leadnews\respository_leadnews\org\springframework\spring-aop\5.2.13.RELEASE\spring-aop-5.2.13.RELEASE.jar;D:\360MoveData\Users\Administrator\Desktop\itheima-tutorial\Project\heima-leadnews\respository_leadnews\org\springframework\spring-context\5.2.13.RELEASE\spring-context-5.2.13.RELEASE.jar;D:\360MoveData\Users\Administrator\Desktop\itheima-tutorial\Project\heima-leadnews\respository_leadnews\org\springframework\spring-expression\5.2.13.RELEASE\spring-expression-5.2.13.RELEASE.jar;D:\360MoveData\Users\Administrator\Desktop\itheima-tutorial\Project\heima-leadnews\respository_leadnews\org\springframework\boot\spring-boot-starter-test\2.3.9.RELEASE\spring-boot-starter-test-2.3.9.RELEASE.jar;D:\360MoveData\Users\Administrator\Desktop\itheima-tutorial\Project\heima-leadnews\respository_leadnews\org\springframework\boot\spring-boot-test\2.3.9.RELEASE\spring-boot-test-2.3.9.RELEASE.jar;D:\360MoveData\Users\Administrator\Desktop\itheima-tutorial\Project\heima-leadnews\respository_leadnews\org\springframework\boot\spring-boot-test-autoconfigure\2.3.9.RELEASE\spring-boot-test-autoconfigure-2.3.9.RELEASE.jar;D:\360MoveData\Users\Administrator\Desktop\itheima-tutorial\Project\heima-leadnews\respository_leadnews\com\jayway\jsonpath\json-path\2.4.0\json-path-2.4.0.jar;D:\360MoveData\Users\Administrator\Desktop\itheima-tutorial\Project\heima-leadnews\respository_leadnews\net\minidev\json-smart\2.3\json-smart-2.3.jar;D:\360MoveData\Users\Administrator\Desktop\itheima-tutorial\Project\heima-leadnews\respository_leadnews\net\minidev\accessors-smart\1.2\accessors-smart-1.2.jar;D:\360MoveData\Users\Administrator\Desktop\itheima-tutorial\Project\heima-leadnews\respository_leadnews\org\ow2\asm\asm\5.0.4\asm-5.0.4.jar;D:\360MoveData\Users\Administrator\Desktop\itheima-tutorial\Project\heima-leadnews\respository_leadnews\org\slf4j\slf4j-api\1.7.30\slf4j-api-1.7.30.jar;D:\360MoveData\Users\Administrator\Desktop\itheima-tutorial\Project\heima-leadnews\respository_leadnews\jakarta\xml\bind\jakarta.xml.bind-api\2.3.3\jakarta.xml.bind-api-2.3.3.jar;D:\360MoveData\Users\Administrator\Desktop\itheima-tutorial\Project\heima-leadnews\respository_leadnews\jakarta\activation\jakarta.activation-api\1.2.2\jakarta.activation-api-1.2.2.jar;D:\360MoveData\Users\Administrator\Desktop\itheima-tutorial\Project\heima-leadnews\respository_leadnews\org\assertj\assertj-core\3.16.1\assertj-core-3.16.1.jar;D:\360MoveData\Users\Administrator\Desktop\itheima-tutorial\Project\heima-leadnews\respository_leadnews\org\hamcrest\hamcrest\2.2\hamcrest-2.2.jar;D:\360MoveData\Users\Administrator\Desktop\itheima-tutorial\Project\heima-leadnews\respository_leadnews\org\junit\jupiter\junit-jupiter\5.6.3\junit-jupiter-5.6.3.jar;D:\360MoveData\Users\Administrator\Desktop\itheima-tutorial\Project\heima-leadnews\respository_leadnews\org\junit\jupiter\junit-jupiter-api\5.6.3\junit-jupiter-api-5.6.3.jar;D:\360MoveData\Users\Administrator\Desktop\itheima-tutorial\Project\heima-leadnews\respository_leadnews\org\opentest4j\opentest4j\1.2.0\opentest4j-1.2.0.jar;D:\360MoveData\Users\Administrator\Desktop\itheima-tutorial\Project\heima-leadnews\respository_leadnews\org\junit\platform\junit-platform-commons\1.6.3\junit-platform-commons-1.6.3.jar;D:\360MoveData\Users\Administrator\Desktop\itheima-tutorial\Project\heima-leadnews\respository_leadnews\org\junit\jupiter\junit-jupiter-params\5.6.3\junit-jupiter-params-5.6.3.jar;D:\360MoveData\Users\Administrator\Desktop\itheima-tutorial\Project\heima-leadnews\respository_leadnews\org\junit\jupiter\junit-jupiter-engine\5.6.3\junit-jupiter-engine-5.6.3.jar;D:\360MoveData\Users\Administrator\Desktop\itheima-tutorial\Project\heima-leadnews\respository_leadnews\org\junit\vintage\junit-vintage-engine\5.6.3\junit-vintage-engine-5.6.3.jar;D:\360MoveData\Users\Administrator\Desktop\itheima-tutorial\Project\heima-leadnews\respository_leadnews\org\apiguardian\apiguardian-api\1.1.0\apiguardian-api-1.1.0.jar;D:\360MoveData\Users\Administrator\Desktop\itheima-tutorial\Project\heima-leadnews\respository_leadnews\org\junit\platform\junit-platform-engine\1.6.3\junit-platform-engine-1.6.3.jar;D:\360MoveData\Users\Administrator\Desktop\itheima-tutorial\Project\heima-leadnews\respository_leadnews\junit\junit\4.12\junit-4.12.jar;D:\360MoveData\Users\Administrator\Desktop\itheima-tutorial\Project\heima-leadnews\respository_leadnews\org\mockito\mockito-core\3.3.3\mockito-core-3.3.3.jar;D:\360MoveData\Users\Administrator\Desktop\itheima-tutorial\Project\heima-leadnews\respository_leadnews\net\bytebuddy\byte-buddy\1.10.20\byte-buddy-1.10.20.jar;D:\360MoveData\Users\Administrator\Desktop\itheima-tutorial\Project\heima-leadnews\respository_leadnews\net\bytebuddy\byte-buddy-agent\1.10.20\byte-buddy-agent-1.10.20.jar;D:\360MoveData\Users\Administrator\Desktop\itheima-tutorial\Project\heima-leadnews\respository_leadnews\org\objenesis\objenesis\2.6\objenesis-2.6.jar;D:\360MoveData\Users\Administrator\Desktop\itheima-tutorial\Project\heima-leadnews\respository_leadnews\org\mockito\mockito-junit-jupiter\3.3.3\mockito-junit-jupiter-3.3.3.jar;D:\360MoveData\Users\Administrator\Desktop\itheima-tutorial\Project\heima-leadnews\respository_leadnews\org\skyscreamer\jsonassert\1.5.0\jsonassert-1.5.0.jar;D:\360MoveData\Users\Administrator\Desktop\itheima-tutorial\Project\heima-leadnews\respository_leadnews\com\vaadin\external\google\android-json\0.0.20131108.vaadin1\android-json-0.0.20131108.vaadin1.jar;D:\360MoveData\Users\Administrator\Desktop\itheima-tutorial\Project\heima-leadnews\respository_leadnews\org\springframework\spring-core\5.2.13.RELEASE\spring-core-5.2.13.RELEASE.jar;D:\360MoveData\Users\Administrator\Desktop\itheima-tutorial\Project\heima-leadnews\respository_leadnews\org\springframework\spring-jcl\5.2.13.RELEASE\spring-jcl-5.2.13.RELEASE.jar;D:\360MoveData\Users\Administrator\Desktop\itheima-tutorial\Project\heima-leadnews\respository_leadnews\org\springframework\spring-test\5.2.13.RELEASE\spring-test-5.2.13.RELEASE.jar;D:\360MoveData\Users\Administrator\Desktop\itheima-tutorial\Project\heima-leadnews\respository_leadnews\org\xmlunit\xmlunit-core\2.7.0\xmlunit-core-2.7.0.jar;D:\360MoveData\Users\Administrator\Desktop\itheima-tutorial\Project\heima-leadnews\respository_leadnews\com\heima\file\heima-file-starter\1.0-SNAPSHOT\heima-file-starter-1.0-SNAPSHOT.jar;D:\360MoveData\Users\Administrator\Desktop\itheima-tutorial\Project\heima-leadnews\respository_leadnews\org\springframework\boot\spring-boot-autoconfigure\2.3.9.RELEASE\spring-boot-autoconfigure-2.3.9.RELEASE.jar;D:\360MoveData\Users\Administrator\Desktop\itheima-tutorial\Project\heima-leadnews\respository_leadnews\org\springframework\boot\spring-boot-starter-actuator\2.3.9.RELEASE\spring-boot-starter-actuator-2.3.9.RELEASE.jar;D:\360MoveData\Users\Administrator\Desktop\itheima-tutorial\Project\heima-leadnews\respository_leadnews\org\springframework\boot\spring-boot-actuator-autoconfigure\2.3.9.RELEASE\spring-boot-actuator-autoconfigure-2.3.9.RELEASE.jar;D:\360MoveData\Users\Administrator\Desktop\itheima-tutorial\Project\heima-leadnews\respository_leadnews\org\springframework\boot\spring-boot-actuator\2.3.9.RELEASE\spring-boot-actuator-2.3.9.RELEASE.jar;D:\360MoveData\Users\Administrator\Desktop\itheima-tutorial\Project\heima-leadnews\respository_leadnews\io\micrometer\micrometer-core\1.5.11\micrometer-core-1.5.11.jar;D:\360MoveData\Users\Administrator\Desktop\itheima-tutorial\Project\heima-leadnews\respository_leadnews\org\hdrhistogram\HdrHistogram\2.1.12\HdrHistogram-2.1.12.jar;D:\360MoveData\Users\Administrator\Desktop\itheima-tutorial\Project\heima-leadnews\respository_leadnews\org\latencyutils\LatencyUtils\2.0.3\LatencyUtils-2.0.3.jar;D:\360MoveData\Users\Administrator\Desktop\itheima-tutorial\Project\heima-leadnews\respository_leadnews\org\springframework\boot\spring-boot-starter-log4j2\2.3.9.RELEASE\spring-boot-starter-log4j2-2.3.9.RELEASE.jar;D:\360MoveData\Users\Administrator\Desktop\itheima-tutorial\Project\heima-leadnews\respository_leadnews\org\apache\logging\log4j\log4j-slf4j-impl\2.13.3\log4j-slf4j-impl-2.13.3.jar;D:\360MoveData\Users\Administrator\Desktop\itheima-tutorial\Project\heima-leadnews\respository_leadnews\org\apache\logging\log4j\log4j-api\2.13.3\log4j-api-2.13.3.jar;D:\360MoveData\Users\Administrator\Desktop\itheima-tutorial\Project\heima-leadnews\respository_leadnews\org\apache\logging\log4j\log4j-core\2.13.3\log4j-core-2.13.3.jar;D:\360MoveData\Users\Administrator\Desktop\itheima-tutorial\Project\heima-leadnews\respository_leadnews\org\apache\logging\log4j\log4j-jul\2.13.3\log4j-jul-2.13.3.jar;D:\360MoveData\Users\Administrator\Desktop\itheima-tutorial\Project\heima-leadnews\respository_leadnews\org\slf4j\jul-to-slf4j\1.7.30\jul-to-slf4j-1.7.30.jar;D:\360MoveData\Users\Administrator\Desktop\itheima-tutorial\Project\heima-leadnews\respository_leadnews\org\projectlombok\lombok\1.18.8\lombok-1.18.8.jar;"/>
    <property name="java.vm.vendor" value="Oracle Corporation"/>
    <property name="sun.arch.data.model" value="64"/>
    <property name="user.variant" value=""/>
    <property name="java.vendor.url" value="http://java.oracle.com/"/>
    <property name="user.timezone" value="Asia/Shanghai"/>
    <property name="java.vm.specification.version" value="1.8"/>
    <property name="os.name" value="Windows 10"/>
    <property name="user.country" value="CN"/>
    <property name="sun.java.launcher" value="SUN_STANDARD"/>
    <property name="sun.boot.library.path" value="C:\Program Files\Java\jdk1.8.0_162\jre\bin"/>
    <property name="sun.java.command" value="C:\Users\ADMINI~1\AppData\Local\Temp\surefire8123064782835526122\surefirebooter3328482983450823020.jar C:\Users\Administrator\AppData\Local\Temp\surefire8123064782835526122 2024-02-19T22-28-41_473-jvmRun1 surefire4650619671039295895tmp surefire_01741217971241962335tmp"/>
    <property name="surefire.test.class.path" value="D:\360MoveData\Users\Administrator\Desktop\itheima-tutorial\Project\heima-leadnews\heima-leadnews\heima-leadnews-test\minio-demo\target\test-classes;D:\360MoveData\Users\Administrator\Desktop\itheima-tutorial\Project\heima-leadnews\heima-leadnews\heima-leadnews-test\minio-demo\target\classes;D:\360MoveData\Users\Administrator\Desktop\itheima-tutorial\Project\heima-leadnews\respository_leadnews\io\minio\minio\7.1.0\minio-7.1.0.jar;D:\360MoveData\Users\Administrator\Desktop\itheima-tutorial\Project\heima-leadnews\respository_leadnews\com\carrotsearch\thirdparty\simple-xml-safe\2.7.1\simple-xml-safe-2.7.1.jar;D:\360MoveData\Users\Administrator\Desktop\itheima-tutorial\Project\heima-leadnews\respository_leadnews\com\google\guava\guava\29.0-jre\guava-29.0-jre.jar;D:\360MoveData\Users\Administrator\Desktop\itheima-tutorial\Project\heima-leadnews\respository_leadnews\com\google\guava\failureaccess\1.0.1\failureaccess-1.0.1.jar;D:\360MoveData\Users\Administrator\Desktop\itheima-tutorial\Project\heima-leadnews\respository_leadnews\com\google\guava\listenablefuture\9999.0-empty-to-avoid-conflict-with-guava\listenablefuture-9999.0-empty-to-avoid-conflict-with-guava.jar;D:\360MoveData\Users\Administrator\Desktop\itheima-tutorial\Project\heima-leadnews\respository_leadnews\org\checkerframework\checker-qual\2.11.1\checker-qual-2.11.1.jar;D:\360MoveData\Users\Administrator\Desktop\itheima-tutorial\Project\heima-leadnews\respository_leadnews\com\google\errorprone\error_prone_annotations\2.3.4\error_prone_annotations-2.3.4.jar;D:\360MoveData\Users\Administrator\Desktop\itheima-tutorial\Project\heima-leadnews\respository_leadnews\com\google\j2objc\j2objc-annotations\1.3\j2objc-annotations-1.3.jar;D:\360MoveData\Users\Administrator\Desktop\itheima-tutorial\Project\heima-leadnews\respository_leadnews\com\squareup\okhttp3\okhttp\3.14.9\okhttp-3.14.9.jar;D:\360MoveData\Users\Administrator\Desktop\itheima-tutorial\Project\heima-leadnews\respository_leadnews\com\squareup\okio\okio\1.17.2\okio-1.17.2.jar;D:\360MoveData\Users\Administrator\Desktop\itheima-tutorial\Project\heima-leadnews\respository_leadnews\com\fasterxml\jackson\core\jackson-annotations\2.11.4\jackson-annotations-2.11.4.jar;D:\360MoveData\Users\Administrator\Desktop\itheima-tutorial\Project\heima-leadnews\respository_leadnews\com\fasterxml\jackson\core\jackson-core\2.11.4\jackson-core-2.11.4.jar;D:\360MoveData\Users\Administrator\Desktop\itheima-tutorial\Project\heima-leadnews\respository_leadnews\com\fasterxml\jackson\core\jackson-databind\2.11.4\jackson-databind-2.11.4.jar;D:\360MoveData\Users\Administrator\Desktop\itheima-tutorial\Project\heima-leadnews\respository_leadnews\com\github\spotbugs\spotbugs-annotations\4.0.0\spotbugs-annotations-4.0.0.jar;D:\360MoveData\Users\Administrator\Desktop\itheima-tutorial\Project\heima-leadnews\respository_leadnews\net\jcip\jcip-annotations\1.0\jcip-annotations-1.0.jar;D:\360MoveData\Users\Administrator\Desktop\itheima-tutorial\Project\heima-leadnews\respository_leadnews\com\google\code\findbugs\jsr305\3.0.2\jsr305-3.0.2.jar;D:\360MoveData\Users\Administrator\Desktop\itheima-tutorial\Project\heima-leadnews\respository_leadnews\org\springframework\boot\spring-boot-starter-web\2.3.9.RELEASE\spring-boot-starter-web-2.3.9.RELEASE.jar;D:\360MoveData\Users\Administrator\Desktop\itheima-tutorial\Project\heima-leadnews\respository_leadnews\org\springframework\boot\spring-boot-starter\2.3.9.RELEASE\spring-boot-starter-2.3.9.RELEASE.jar;D:\360MoveData\Users\Administrator\Desktop\itheima-tutorial\Project\heima-leadnews\respository_leadnews\org\springframework\boot\spring-boot\2.3.9.RELEASE\spring-boot-2.3.9.RELEASE.jar;D:\360MoveData\Users\Administrator\Desktop\itheima-tutorial\Project\heima-leadnews\respository_leadnews\jakarta\annotation\jakarta.annotation-api\1.3.5\jakarta.annotation-api-1.3.5.jar;D:\360MoveData\Users\Administrator\Desktop\itheima-tutorial\Project\heima-leadnews\respository_leadnews\org\yaml\snakeyaml\1.26\snakeyaml-1.26.jar;D:\360MoveData\Users\Administrator\Desktop\itheima-tutorial\Project\heima-leadnews\respository_leadnews\org\springframework\boot\spring-boot-starter-json\2.3.9.RELEASE\spring-boot-starter-json-2.3.9.RELEASE.jar;D:\360MoveData\Users\Administrator\Desktop\itheima-tutorial\Project\heima-leadnews\respository_leadnews\com\fasterxml\jackson\datatype\jackson-datatype-jdk8\2.11.4\jackson-datatype-jdk8-2.11.4.jar;D:\360MoveData\Users\Administrator\Desktop\itheima-tutorial\Project\heima-leadnews\respository_leadnews\com\fasterxml\jackson\datatype\jackson-datatype-jsr310\2.11.4\jackson-datatype-jsr310-2.11.4.jar;D:\360MoveData\Users\Administrator\Desktop\itheima-tutorial\Project\heima-leadnews\respository_leadnews\com\fasterxml\jackson\module\jackson-module-parameter-names\2.11.4\jackson-module-parameter-names-2.11.4.jar;D:\360MoveData\Users\Administrator\Desktop\itheima-tutorial\Project\heima-leadnews\respository_leadnews\org\springframework\boot\spring-boot-starter-tomcat\2.3.9.RELEASE\spring-boot-starter-tomcat-2.3.9.RELEASE.jar;D:\360MoveData\Users\Administrator\Desktop\itheima-tutorial\Project\heima-leadnews\respository_leadnews\org\apache\tomcat\embed\tomcat-embed-core\9.0.43\tomcat-embed-core-9.0.43.jar;D:\360MoveData\Users\Administrator\Desktop\itheima-tutorial\Project\heima-leadnews\respository_leadnews\org\glassfish\jakarta.el\3.0.3\jakarta.el-3.0.3.jar;D:\360MoveData\Users\Administrator\Desktop\itheima-tutorial\Project\heima-leadnews\respository_leadnews\org\apache\tomcat\embed\tomcat-embed-websocket\9.0.43\tomcat-embed-websocket-9.0.43.jar;D:\360MoveData\Users\Administrator\Desktop\itheima-tutorial\Project\heima-leadnews\respository_leadnews\org\springframework\spring-web\5.2.13.RELEASE\spring-web-5.2.13.RELEASE.jar;D:\360MoveData\Users\Administrator\Desktop\itheima-tutorial\Project\heima-leadnews\respository_leadnews\org\springframework\spring-beans\5.2.13.RELEASE\spring-beans-5.2.13.RELEASE.jar;D:\360MoveData\Users\Administrator\Desktop\itheima-tutorial\Project\heima-leadnews\respository_leadnews\org\springframework\spring-webmvc\5.2.13.RELEASE\spring-webmvc-5.2.13.RELEASE.jar;D:\360MoveData\Users\Administrator\Desktop\itheima-tutorial\Project\heima-leadnews\respository_leadnews\org\springframework\spring-aop\5.2.13.RELEASE\spring-aop-5.2.13.RELEASE.jar;D:\360MoveData\Users\Administrator\Desktop\itheima-tutorial\Project\heima-leadnews\respository_leadnews\org\springframework\spring-context\5.2.13.RELEASE\spring-context-5.2.13.RELEASE.jar;D:\360MoveData\Users\Administrator\Desktop\itheima-tutorial\Project\heima-leadnews\respository_leadnews\org\springframework\spring-expression\5.2.13.RELEASE\spring-expression-5.2.13.RELEASE.jar;D:\360MoveData\Users\Administrator\Desktop\itheima-tutorial\Project\heima-leadnews\respository_leadnews\org\springframework\boot\spring-boot-starter-test\2.3.9.RELEASE\spring-boot-starter-test-2.3.9.RELEASE.jar;D:\360MoveData\Users\Administrator\Desktop\itheima-tutorial\Project\heima-leadnews\respository_leadnews\org\springframework\boot\spring-boot-test\2.3.9.RELEASE\spring-boot-test-2.3.9.RELEASE.jar;D:\360MoveData\Users\Administrator\Desktop\itheima-tutorial\Project\heima-leadnews\respository_leadnews\org\springframework\boot\spring-boot-test-autoconfigure\2.3.9.RELEASE\spring-boot-test-autoconfigure-2.3.9.RELEASE.jar;D:\360MoveData\Users\Administrator\Desktop\itheima-tutorial\Project\heima-leadnews\respository_leadnews\com\jayway\jsonpath\json-path\2.4.0\json-path-2.4.0.jar;D:\360MoveData\Users\Administrator\Desktop\itheima-tutorial\Project\heima-leadnews\respository_leadnews\net\minidev\json-smart\2.3\json-smart-2.3.jar;D:\360MoveData\Users\Administrator\Desktop\itheima-tutorial\Project\heima-leadnews\respository_leadnews\net\minidev\accessors-smart\1.2\accessors-smart-1.2.jar;D:\360MoveData\Users\Administrator\Desktop\itheima-tutorial\Project\heima-leadnews\respository_leadnews\org\ow2\asm\asm\5.0.4\asm-5.0.4.jar;D:\360MoveData\Users\Administrator\Desktop\itheima-tutorial\Project\heima-leadnews\respository_leadnews\org\slf4j\slf4j-api\1.7.30\slf4j-api-1.7.30.jar;D:\360MoveData\Users\Administrator\Desktop\itheima-tutorial\Project\heima-leadnews\respository_leadnews\jakarta\xml\bind\jakarta.xml.bind-api\2.3.3\jakarta.xml.bind-api-2.3.3.jar;D:\360MoveData\Users\Administrator\Desktop\itheima-tutorial\Project\heima-leadnews\respository_leadnews\jakarta\activation\jakarta.activation-api\1.2.2\jakarta.activation-api-1.2.2.jar;D:\360MoveData\Users\Administrator\Desktop\itheima-tutorial\Project\heima-leadnews\respository_leadnews\org\assertj\assertj-core\3.16.1\assertj-core-3.16.1.jar;D:\360MoveData\Users\Administrator\Desktop\itheima-tutorial\Project\heima-leadnews\respository_leadnews\org\hamcrest\hamcrest\2.2\hamcrest-2.2.jar;D:\360MoveData\Users\Administrator\Desktop\itheima-tutorial\Project\heima-leadnews\respository_leadnews\org\junit\jupiter\junit-jupiter\5.6.3\junit-jupiter-5.6.3.jar;D:\360MoveData\Users\Administrator\Desktop\itheima-tutorial\Project\heima-leadnews\respository_leadnews\org\junit\jupiter\junit-jupiter-api\5.6.3\junit-jupiter-api-5.6.3.jar;D:\360MoveData\Users\Administrator\Desktop\itheima-tutorial\Project\heima-leadnews\respository_leadnews\org\opentest4j\opentest4j\1.2.0\opentest4j-1.2.0.jar;D:\360MoveData\Users\Administrator\Desktop\itheima-tutorial\Project\heima-leadnews\respository_leadnews\org\junit\platform\junit-platform-commons\1.6.3\junit-platform-commons-1.6.3.jar;D:\360MoveData\Users\Administrator\Desktop\itheima-tutorial\Project\heima-leadnews\respository_leadnews\org\junit\jupiter\junit-jupiter-params\5.6.3\junit-jupiter-params-5.6.3.jar;D:\360MoveData\Users\Administrator\Desktop\itheima-tutorial\Project\heima-leadnews\respository_leadnews\org\junit\jupiter\junit-jupiter-engine\5.6.3\junit-jupiter-engine-5.6.3.jar;D:\360MoveData\Users\Administrator\Desktop\itheima-tutorial\Project\heima-leadnews\respository_leadnews\org\junit\vintage\junit-vintage-engine\5.6.3\junit-vintage-engine-5.6.3.jar;D:\360MoveData\Users\Administrator\Desktop\itheima-tutorial\Project\heima-leadnews\respository_leadnews\org\apiguardian\apiguardian-api\1.1.0\apiguardian-api-1.1.0.jar;D:\360MoveData\Users\Administrator\Desktop\itheima-tutorial\Project\heima-leadnews\respository_leadnews\org\junit\platform\junit-platform-engine\1.6.3\junit-platform-engine-1.6.3.jar;D:\360MoveData\Users\Administrator\Desktop\itheima-tutorial\Project\heima-leadnews\respository_leadnews\junit\junit\4.12\junit-4.12.jar;D:\360MoveData\Users\Administrator\Desktop\itheima-tutorial\Project\heima-leadnews\respository_leadnews\org\mockito\mockito-core\3.3.3\mockito-core-3.3.3.jar;D:\360MoveData\Users\Administrator\Desktop\itheima-tutorial\Project\heima-leadnews\respository_leadnews\net\bytebuddy\byte-buddy\1.10.20\byte-buddy-1.10.20.jar;D:\360MoveData\Users\Administrator\Desktop\itheima-tutorial\Project\heima-leadnews\respository_leadnews\net\bytebuddy\byte-buddy-agent\1.10.20\byte-buddy-agent-1.10.20.jar;D:\360MoveData\Users\Administrator\Desktop\itheima-tutorial\Project\heima-leadnews\respository_leadnews\org\objenesis\objenesis\2.6\objenesis-2.6.jar;D:\360MoveData\Users\Administrator\Desktop\itheima-tutorial\Project\heima-leadnews\respository_leadnews\org\mockito\mockito-junit-jupiter\3.3.3\mockito-junit-jupiter-3.3.3.jar;D:\360MoveData\Users\Administrator\Desktop\itheima-tutorial\Project\heima-leadnews\respository_leadnews\org\skyscreamer\jsonassert\1.5.0\jsonassert-1.5.0.jar;D:\360MoveData\Users\Administrator\Desktop\itheima-tutorial\Project\heima-leadnews\respository_leadnews\com\vaadin\external\google\android-json\0.0.20131108.vaadin1\android-json-0.0.20131108.vaadin1.jar;D:\360MoveData\Users\Administrator\Desktop\itheima-tutorial\Project\heima-leadnews\respository_leadnews\org\springframework\spring-core\5.2.13.RELEASE\spring-core-5.2.13.RELEASE.jar;D:\360MoveData\Users\Administrator\Desktop\itheima-tutorial\Project\heima-leadnews\respository_leadnews\org\springframework\spring-jcl\5.2.13.RELEASE\spring-jcl-5.2.13.RELEASE.jar;D:\360MoveData\Users\Administrator\Desktop\itheima-tutorial\Project\heima-leadnews\respository_leadnews\org\springframework\spring-test\5.2.13.RELEASE\spring-test-5.2.13.RELEASE.jar;D:\360MoveData\Users\Administrator\Desktop\itheima-tutorial\Project\heima-leadnews\respository_leadnews\org\xmlunit\xmlunit-core\2.7.0\xmlunit-core-2.7.0.jar;D:\360MoveData\Users\Administrator\Desktop\itheima-tutorial\Project\heima-leadnews\respository_leadnews\com\heima\file\heima-file-starter\1.0-SNAPSHOT\heima-file-starter-1.0-SNAPSHOT.jar;D:\360MoveData\Users\Administrator\Desktop\itheima-tutorial\Project\heima-leadnews\respository_leadnews\org\springframework\boot\spring-boot-autoconfigure\2.3.9.RELEASE\spring-boot-autoconfigure-2.3.9.RELEASE.jar;D:\360MoveData\Users\Administrator\Desktop\itheima-tutorial\Project\heima-leadnews\respository_leadnews\org\springframework\boot\spring-boot-starter-actuator\2.3.9.RELEASE\spring-boot-starter-actuator-2.3.9.RELEASE.jar;D:\360MoveData\Users\Administrator\Desktop\itheima-tutorial\Project\heima-leadnews\respository_leadnews\org\springframework\boot\spring-boot-actuator-autoconfigure\2.3.9.RELEASE\spring-boot-actuator-autoconfigure-2.3.9.RELEASE.jar;D:\360MoveData\Users\Administrator\Desktop\itheima-tutorial\Project\heima-leadnews\respository_leadnews\org\springframework\boot\spring-boot-actuator\2.3.9.RELEASE\spring-boot-actuator-2.3.9.RELEASE.jar;D:\360MoveData\Users\Administrator\Desktop\itheima-tutorial\Project\heima-leadnews\respository_leadnews\io\micrometer\micrometer-core\1.5.11\micrometer-core-1.5.11.jar;D:\360MoveData\Users\Administrator\Desktop\itheima-tutorial\Project\heima-leadnews\respository_leadnews\org\hdrhistogram\HdrHistogram\2.1.12\HdrHistogram-2.1.12.jar;D:\360MoveData\Users\Administrator\Desktop\itheima-tutorial\Project\heima-leadnews\respository_leadnews\org\latencyutils\LatencyUtils\2.0.3\LatencyUtils-2.0.3.jar;D:\360MoveData\Users\Administrator\Desktop\itheima-tutorial\Project\heima-leadnews\respository_leadnews\org\springframework\boot\spring-boot-starter-log4j2\2.3.9.RELEASE\spring-boot-starter-log4j2-2.3.9.RELEASE.jar;D:\360MoveData\Users\Administrator\Desktop\itheima-tutorial\Project\heima-leadnews\respository_leadnews\org\apache\logging\log4j\log4j-slf4j-impl\2.13.3\log4j-slf4j-impl-2.13.3.jar;D:\360MoveData\Users\Administrator\Desktop\itheima-tutorial\Project\heima-leadnews\respository_leadnews\org\apache\logging\log4j\log4j-api\2.13.3\log4j-api-2.13.3.jar;D:\360MoveData\Users\Administrator\Desktop\itheima-tutorial\Project\heima-leadnews\respository_leadnews\org\apache\logging\log4j\log4j-core\2.13.3\log4j-core-2.13.3.jar;D:\360MoveData\Users\Administrator\Desktop\itheima-tutorial\Project\heima-leadnews\respository_leadnews\org\apache\logging\log4j\log4j-jul\2.13.3\log4j-jul-2.13.3.jar;D:\360MoveData\Users\Administrator\Desktop\itheima-tutorial\Project\heima-leadnews\respository_leadnews\org\slf4j\jul-to-slf4j\1.7.30\jul-to-slf4j-1.7.30.jar;D:\360MoveData\Users\Administrator\Desktop\itheima-tutorial\Project\heima-leadnews\respository_leadnews\org\projectlombok\lombok\1.18.8\lombok-1.18.8.jar;"/>
    <property name="sun.cpu.endian" value="little"/>
    <property name="user.home" value="C:\Users\Administrator"/>
    <property name="user.language" value="zh"/>
    <property name="java.specification.vendor" value="Oracle Corporation"/>
    <property name="java.home" value="C:\Program Files\Java\jdk1.8.0_162\jre"/>
    <property name="basedir" value="D:\360MoveData\Users\Administrator\Desktop\itheima-tutorial\Project\heima-leadnews\heima-leadnews\heima-leadnews-test\minio-demo"/>
    <property name="file.separator" value="\"/>
    <property name="line.separator" value="&#10;"/>
    <property name="java.vm.specification.vendor" value="Oracle Corporation"/>
    <property name="java.specification.name" value="Java Platform API Specification"/>
    <property name="java.awt.graphicsenv" value="sun.awt.Win32GraphicsEnvironment"/>
    <property name="surefire.real.class.path" value="C:\Users\ADMINI~1\AppData\Local\Temp\surefire8123064782835526122\surefirebooter3328482983450823020.jar"/>
    <property name="sun.boot.class.path" value="C:\Program Files\Java\jdk1.8.0_162\jre\lib\resources.jar;C:\Program Files\Java\jdk1.8.0_162\jre\lib\rt.jar;C:\Program Files\Java\jdk1.8.0_162\jre\lib\sunrsasign.jar;C:\Program Files\Java\jdk1.8.0_162\jre\lib\jsse.jar;C:\Program Files\Java\jdk1.8.0_162\jre\lib\jce.jar;C:\Program Files\Java\jdk1.8.0_162\jre\lib\charsets.jar;C:\Program Files\Java\jdk1.8.0_162\jre\lib\jfr.jar;C:\Program Files\Java\jdk1.8.0_162\jre\classes"/>
    <property name="user.script" value=""/>
    <property name="sun.management.compiler" value="HotSpot 64-Bit Tiered Compilers"/>
    <property name="java.runtime.version" value="1.8.0_162-b12"/>
    <property name="user.name" value="Administrator"/>
    <property name="path.separator" value=";"/>
    <property name="os.version" value="10.0"/>
    <property name="java.endorsed.dirs" value="C:\Program Files\Java\jdk1.8.0_162\jre\lib\endorsed"/>
    <property name="java.runtime.name" value="Java(TM) SE Runtime Environment"/>
    <property name="file.encoding" value="GBK"/>
    <property name="java.vm.name" value="Java HotSpot(TM) 64-Bit Server VM"/>
    <property name="localRepository" value="D:\360MoveData\Users\Administrator\Desktop\itheima-tutorial\Project\heima-leadnews\respository_leadnews"/>
    <property name="java.vendor.url.bug" value="http://bugreport.sun.com/bugreport/"/>
    <property name="java.io.tmpdir" value="C:\Users\ADMINI~1\AppData\Local\Temp\"/>
    <property name="idea.version" value="2023.3.3"/>
    <property name="java.version" value="1.8.0_162"/>
    <property name="user.dir" value="D:\360MoveData\Users\Administrator\Desktop\itheima-tutorial\Project\heima-leadnews\heima-leadnews\heima-leadnews-test\minio-demo"/>
    <property name="os.arch" value="amd64"/>
    <property name="java.vm.specification.name" value="Java Virtual Machine Specification"/>
    <property name="java.awt.printerjob" value="sun.awt.windows.WPrinterJob"/>
    <property name="sun.os.patch.level" value=""/>
    <property name="java.library.path" value="C:\Program Files\Java\jdk1.8.0_162\jre\bin;C:\WINDOWS\Sun\Java\bin;C:\WINDOWS\system32;C:\WINDOWS;D:\Tools\VMware\bin\;C:\Program Files\Common Files\Oracle\Java\javapath;C:\ProgramData\Oracle\Java\javapath;D:\Tools\Program\vnpy\Scripts\;C:\WINDOWS\system32;D:\Tools\Program\java\jdk-17\bin;D:\Tools\Program\Vue\node_global\node_modules;D:\Tools\Program\Mavan\apache-maven-3.6.1\bin;D:\Tools\Program\Vue\;D:\Tools\Program\Vue\node_global\node_modules;D:\Tools\Program\Vue\node_global;D:\Tools\Program\C++\mingw64\bin;D:\Program\Scripts;C:\Program Files\Java\jdk1.8.0_162;D:\Tools\Program\MySQL\bin;C:\Program Files\Git\cmd;D:\Program\Library\mingw-w64\bin;D:\Program\Library\bin;C:\WINDOWS;C:\WINDOWS\System32\Wbem;C:\WINDOWS\System32\WindowsPowerShell\v1.0\;C:\WINDOWS\System32\OpenSSH\;D:\LINGO12\;D:\Tools\Program\Graphviz\bin;C:\ProgramData\chocolatey\bin;D:\Tools\Program\WechatApp\微信web开发者工具\dll;C:\Users\Administrator\AppData\Local\Microsoft\WindowsApps;C:\Users\Administrator\AppData\Local\GitHubDesktop\bin;D:\Tools\Program\java\IntelliJ IDEA 2023.1\bin;;D:\Tools\Program\DataGrip 2022.3\bin;;D:\Tools\Program\Python\PyCharm 2023.2\bin;;D:\Tools\Program\Microsoft VS Code\bin;D:\Tools\Program\Vue\node_global;D:\Tools\Program\cpolar\;."/>
    <property name="java.vm.info" value="mixed mode"/>
    <property name="java.vendor" value="Oracle Corporation"/>
    <property name="java.vm.version" value="25.162-b12"/>
    <property name="java.ext.dirs" value="C:\Program Files\Java\jdk1.8.0_162\jre\lib\ext;C:\WINDOWS\Sun\Java\lib\ext"/>
    <property name="sun.io.unicode.encoding" value="UnicodeLittle"/>
    <property name="maven.repo.local" value="D:\360MoveData\Users\Administrator\Desktop\itheima-tutorial\Project\heima-leadnews\respository_leadnews"/>
    <property name="java.class.version" value="52.0"/>
  </properties>
  <testcase name="testUpdateImgFile" classname="com.heima.minio.test.MinIOTest" time="2.728"/>
</testsuite>